demoSDKSample/proguard/seeds.txt
android.support.v4.view.ViewPropertyAnimatorCompatKK
android.support.v4.view.ViewPropertyAnimatorCompatKK: ViewPropertyAnimatorCompatKK()
android.support.v4.view.ViewPropertyAnimatorCompatKK: void setUpdateListener(android.view.View,android.support.v4.view.ViewPropertyAnimatorUpdateListener)
android.support.v4.view.ViewPropertyAnimatorCompatKK$1
android.support.v4.view.ViewPropertyAnimatorCompatKK$1: android.support.v4.view.ViewPropertyAnimatorUpdateListener val$listener
android.support.v4.view.ViewPropertyAnimatorCompatKK$1: android.view.View val$view
android.support.v4.view.ViewPropertyAnimatorCompatKK$1: ViewPropertyAnimatorCompatKK$1(android.support.v4.view.ViewPropertyAnimatorUpdateListener,android.view.View)
android.support.v4.view.ViewPropertyAnimatorCompatKK$1: void onAnimationUpdate(android.animation.ValueAnimator)
android.support.v4.view.ViewPropertyAnimatorListener
android.support.v4.view.ViewPropertyAnimatorListener: void onAnimationStart(android.view.View)
android.support.v4.view.ViewPropertyAnimatorListener: void onAnimationEnd(android.view.View)
android.support.v4.view.ViewPropertyAnimatorListener: void onAnimationCancel(android.view.View)
android.support.v4.view.ViewPropertyAnimatorListenerAdapter
android.support.v4.view.ViewPropertyAnimatorListenerAdapter: ViewPropertyAnimatorListenerAdapter()
android.support.v4.view.ViewPropertyAnimatorListenerAdapter: void onAnimationStart(android.view.View)
android.support.v4.view.ViewPropertyAnimatorListenerAdapter: void onAnimationEnd(android.view.View)
android.support.v4.view.ViewPropertyAnimatorListenerAdapter: void onAnimationCancel(android.view.View)
android.support.v4.view.ViewPropertyAnimatorUpdateListener
android.support.v4.view.ViewPropertyAnimatorUpdateListener: void onAnimationUpdate(android.view.View)
android.support.v4.view.WindowCompat
android.support.v4.view.WindowCompat: int FEATURE_ACTION_BAR
android.support.v4.view.WindowCompat: int FEATURE_ACTION_BAR_OVERLAY
android.support.v4.view.WindowCompat: int FEATURE_ACTION_MODE_OVERLAY
android.support.v4.view.WindowCompat: WindowCompat()
android.support.v4.view.WindowInsetsCompat
android.support.v4.view.WindowInsetsCompat: WindowInsetsCompat()
android.support.v4.view.WindowInsetsCompat: int getSystemWindowInsetLeft()
android.support.v4.view.WindowInsetsCompat: int getSystemWindowInsetTop()
android.support.v4.view.WindowInsetsCompat: int getSystemWindowInsetRight()
android.support.v4.view.WindowInsetsCompat: int getSystemWindowInsetBottom()
android.support.v4.view.WindowInsetsCompat: boolean hasSystemWindowInsets()
android.support.v4.view.WindowInsetsCompat: boolean hasInsets()
android.support.v4.view.WindowInsetsCompat: boolean isConsumed()
android.support.v4.view.WindowInsetsCompat: boolean isRound()
android.support.v4.view.WindowInsetsCompat: android.support.v4.view.WindowInsetsCompat consumeSystemWindowInsets()
android.support.v4.view.WindowInsetsCompat: android.support.v4.view.WindowInsetsCompat replaceSystemWindowInsets(int,int,int,int)
android.support.v4.view.WindowInsetsCompat: android.support.v4.view.WindowInsetsCompat replaceSystemWindowInsets(android.graphics.Rect)
android.support.v4.view.WindowInsetsCompat: int getStableInsetTop()
android.support.v4.view.WindowInsetsCompat: int getStableInsetLeft()
android.support.v4.view.WindowInsetsCompat: int getStableInsetRight()
android.support.v4.view.WindowInsetsCompat: int getStableInsetBottom()
android.support.v4.view.WindowInsetsCompat: boolean hasStableInsets()