demoSDKSample/proguard/mapping.txt
com.google.common.hash.Hashing$Adler32Holder -> com.google.common.hash.Hashing$Adler32Holder:
    com.google.common.hash.HashFunction ADLER_32 -> ADLER_32
com.google.common.hash.Hashing$ChecksumType -> com.google.common.hash.Hashing$ChecksumType:
    com.google.common.hash.Hashing$ChecksumType CRC_32 -> CRC_32
    com.google.common.hash.Hashing$ChecksumType ADLER_32 -> ADLER_32
    int bits -> bits
    com.google.common.hash.Hashing$ChecksumType[] $VALUES -> $VALUES
    com.google.common.hash.Hashing$ChecksumType[] values() -> values
    com.google.common.hash.Hashing$ChecksumType valueOf(java.lang.String) -> valueOf
    java.util.zip.Checksum get() -> get
    java.lang.Object get() -> get
    int access$200(com.google.common.hash.Hashing$ChecksumType) -> access$200
com.google.common.hash.Hashing$ChecksumType$1 -> com.google.common.hash.Hashing$ChecksumType$1:
    java.util.zip.Checksum get() -> get
    java.lang.Object get() -> get
com.google.common.hash.Hashing$ChecksumType$2 -> com.google.common.hash.Hashing$ChecksumType$2:
    java.util.zip.Checksum get() -> get
    java.lang.Object get() -> get
com.google.common.hash.Hashing$ConcatenatedHashFunction -> com.google.common.hash.Hashing$ConcatenatedHashFunction:
    int bits -> bits
    com.google.common.hash.HashCode makeHash(com.google.common.hash.Hasher[]) -> makeHash
    int bits() -> bits
    boolean equals(java.lang.Object) -> equals
    int hashCode() -> hashCode
com.google.common.hash.Hashing$Crc32Holder -> com.google.common.hash.Hashing$Crc32Holder:
    com.google.common.hash.HashFunction CRC_32 -> CRC_32
com.google.common.hash.Hashing$LinearCongruentialGenerator -> com.google.common.hash.Hashing$LinearCongruentialGenerator:
    long state -> state
    double nextDouble() -> nextDouble
com.google.common.hash.Hashing$Md5Holder -> com.google.common.hash.Hashing$Md5Holder:
    com.google.common.hash.HashFunction MD5 -> MD5
com.google.common.hash.Hashing$Murmur3_128Holder -> com.google.common.hash.Hashing$Murmur3_128Holder:
    com.google.common.hash.HashFunction MURMUR3_128 -> MURMUR3_128
    com.google.common.hash.HashFunction GOOD_FAST_HASH_FUNCTION_128 -> GOOD_FAST_HASH_FUNCTION_128
com.google.common.hash.Hashing$Murmur3_32Holder -> com.google.common.hash.Hashing$Murmur3_32Holder:
    com.google.common.hash.HashFunction MURMUR3_32 -> MURMUR3_32
    com.google.common.hash.HashFunction GOOD_FAST_HASH_FUNCTION_32 -> GOOD_FAST_HASH_FUNCTION_32
com.google.common.hash.Hashing$Sha1Holder -> com.google.common.hash.Hashing$Sha1Holder:
    com.google.common.hash.HashFunction SHA_1 -> SHA_1
com.google.common.hash.Hashing$Sha256Holder -> com.google.common.hash.Hashing$Sha256Holder:
    com.google.common.hash.HashFunction SHA_256 -> SHA_256
com.google.common.hash.Hashing$Sha512Holder -> com.google.common.hash.Hashing$Sha512Holder:
    com.google.common.hash.HashFunction SHA_512 -> SHA_512
com.google.common.hash.Hashing$SipHash24Holder -> com.google.common.hash.Hashing$SipHash24Holder:
    com.google.common.hash.HashFunction SIP_HASH_24 -> SIP_HASH_24
com.google.common.hash.HashingInputStream -> com.google.common.hash.HashingInputStream:
    com.google.common.hash.Hasher hasher -> hasher
    int read() -> read
    int read(byte[],int,int) -> read
    boolean markSupported() -> markSupported
    void mark(int) -> mark
    void reset() -> reset
    com.google.common.hash.HashCode hash() -> hash
com.google.common.hash.HashingOutputStream -> com.google.common.hash.HashingOutputStream:
    com.google.common.hash.Hasher hasher -> hasher
    void write(int) -> write
    void write(byte[],int,int) -> write
    com.google.common.hash.HashCode hash() -> hash
    void close() -> close