demoSDKSample/proguard/usage.txt
android.support.annotation.FractionRes
android.support.annotation.IdRes
android.support.annotation.IntDef
android.support.annotation.IntegerRes
android.support.annotation.InterpolatorRes
android.support.annotation.LayoutRes
android.support.annotation.MenuRes
android.support.annotation.NonNull
android.support.annotation.Nullable
android.support.annotation.PluralsRes
android.support.annotation.RawRes
android.support.annotation.StringDef
android.support.annotation.StringRes
android.support.annotation.StyleRes
android.support.annotation.StyleableRes
android.support.annotation.XmlRes
com.nice.client.BuildConfig
com.nice.client.MainActivity:
    public static final int sGetDiscoveryRequestType
    public static final int sRegistrationRequestType
    public static final int sAuthenticationRequestType
    public static final int sTransactionRequestType
    public static final int sDeregistrationRequestType
    public static final int sGetDiscoveryCallback
    public static final int sRegistrationCallback
    public static final int sAuthenticationCallback
    public static final int sTransactionCallback
    public static final int sDeregistrationCallback
com.nice.client.R
com.nice.client.R$attr
com.nice.client.R$dimen
com.nice.client.R$drawable
com.nice.client.R$id
com.nice.client.R$layout
com.nice.client.R$string
com.nice.client.R$style
com.nice.client.RegistrationActivity:
    private static final java.lang.String sRegistrationData
com.nice.client.TransactionActivity:
    private static final java.lang.String sTransactionData
com.sample.util.DiscoveryDataItem:
    74:74:public java.lang.String getIcon()
com.sample.util.UafRequestDataItem:
    55:55:public java.lang.String getOpforUafProtocolMessage()
com.sample.util.UafRequestParsing:
    135:135:public com.sample.util.UafRequestParsing$PolicyAaidforTest getPolicyAaid()
    143:143:public int getStatusCode()
com.samsung.sds.fido.uaf.message.Message:
    public abstract java.lang.String toJson()
    public abstract void validate()
com.samsung.sds.fido.uaf.message.Message$Builder
com.samsung.sds.fido.uaf.message.common.Transaction$Builder:
    134:135:public com.samsung.sds.fido.uaf.message.common.Transaction$Builder setTcDisplayPngCharacteristics(com.samsung.sds.fido.uaf.message.metadata.statement.DisplayPngCharacteristicsDescriptor)
    139:141:public com.samsung.sds.fido.uaf.message.common.Transaction build()
    118:118:public bridge synthetic com.samsung.sds.fido.uaf.message.Message build()
com.samsung.sds.fido.uaf.message.common.Version:
    32:32:public static com.samsung.sds.fido.uaf.message.common.Version$Builder newBuilder(int,int)
    39:53:public static com.samsung.sds.fido.uaf.message.common.Version fromJson(java.lang.String)
    66:66:public java.lang.String toJson()
    20:20:synthetic Version(com.samsung.sds.fido.uaf.message.common.Version$Builder,com.samsung.sds.fido.uaf.message.common.Version$1)
com.samsung.sds.fido.uaf.message.common.Version$1
com.samsung.sds.fido.uaf.message.common.Version$Builder:
    134:137:private Version$Builder(int,int)
    140:142:public com.samsung.sds.fido.uaf.message.common.Version build()
    128:128:public bridge synthetic com.samsung.sds.fido.uaf.message.Message build()
    128:128:synthetic Version$Builder(int,int,com.samsung.sds.fido.uaf.message.common.Version$1)
com.samsung.sds.fido.uaf.message.metadata.statement.DisplayPngCharacteristicsDescriptor:
    50:50:public static com.samsung.sds.fido.uaf.message.metadata.statement.DisplayPngCharacteristicsDescriptor$Builder newBuilder(int,int,int,int,int,int,int)
    93:108:public static com.samsung.sds.fido.uaf.message.metadata.statement.DisplayPngCharacteristicsDescriptor fromJson(java.lang.String)
    113:113:public java.lang.String toJson()
    19:19:synthetic DisplayPngCharacteristicsDescriptor(com.samsung.sds.fido.uaf.message.metadata.statement.DisplayPngCharacteristicsDescriptor$Builder,com.samsung.sds.fido.uaf.message.metadata.statement.DisplayPngCharacteristicsDescriptor$1)